{"C:\\DevOps\\Asg\\DevOps_Oct2025_Team3_Assignment\\backendserver\\users\\controllers\\userController.js": {"path":"C:\\DevOps\\Asg\\DevOps_Oct2025_Team3_Assignment\\backendserver\\users\\controllers\\userController.js","statementMap":{"0":{"start":{"line":1,"column":13},"end":{"line":1,"column":46}},"1":{"start":{"line":2,"column":16},"end":{"line":2,"column":52}},"2":{"start":{"line":3,"column":12},"end":{"line":3,"column":35}},"3":{"start":{"line":4,"column":15},"end":{"line":4,"column":34}},"4":{"start":{"line":7,"column":20},"end":{"line":11,"column":5}},"5":{"start":{"line":12,"column":4},"end":{"line":12,"column":34}},"6":{"start":{"line":16,"column":4},"end":{"line":22,"column":5}},"7":{"start":{"line":17,"column":22},"end":{"line":17,"column":58}},"8":{"start":{"line":18,"column":8},"end":{"line":18,"column":43}},"9":{"start":{"line":20,"column":8},"end":{"line":20,"column":66}},"10":{"start":{"line":21,"column":8},"end":{"line":21,"column":74}},"11":{"start":{"line":26,"column":41},"end":{"line":26,"column":49}},"12":{"start":{"line":28,"column":4},"end":{"line":76,"column":5}},"13":{"start":{"line":30,"column":8},"end":{"line":32,"column":9}},"14":{"start":{"line":31,"column":12},"end":{"line":31,"column":73}},"15":{"start":{"line":35,"column":30},"end":{"line":35,"column":78}},"16":{"start":{"line":36,"column":8},"end":{"line":38,"column":9}},"17":{"start":{"line":37,"column":12},"end":{"line":37,"column":171}},"18":{"start":{"line":41,"column":27},"end":{"line":41,"column":44}},"19":{"start":{"line":42,"column":8},"end":{"line":44,"column":9}},"20":{"start":{"line":43,"column":12},"end":{"line":43,"column":74}},"21":{"start":{"line":47,"column":29},"end":{"line":47,"column":78}},"22":{"start":{"line":48,"column":8},"end":{"line":50,"column":9}},"23":{"start":{"line":49,"column":12},"end":{"line":49,"column":80}},"24":{"start":{"line":53,"column":31},"end":{"line":53,"column":62}},"25":{"start":{"line":56,"column":23},"end":{"line":56,"column":54}},"26":{"start":{"line":59,"column":24},"end":{"line":64,"column":10}},"27":{"start":{"line":66,"column":26},"end":{"line":66,"column":46}},"28":{"start":{"line":69,"column":29},"end":{"line":69,"column":49}},"29":{"start":{"line":70,"column":8},"end":{"line":70,"column":41}},"30":{"start":{"line":72,"column":8},"end":{"line":72,"column":50}},"31":{"start":{"line":74,"column":8},"end":{"line":74,"column":65}},"32":{"start":{"line":75,"column":8},"end":{"line":75,"column":74}},"33":{"start":{"line":80,"column":25},"end":{"line":80,"column":38}},"34":{"start":{"line":82,"column":4},"end":{"line":131,"column":5}},"35":{"start":{"line":84,"column":21},"end":{"line":84,"column":65}},"36":{"start":{"line":86,"column":8},"end":{"line":88,"column":9}},"37":{"start":{"line":87,"column":12},"end":{"line":87,"column":71}},"38":{"start":{"line":91,"column":8},"end":{"line":122,"column":9}},"39":{"start":{"line":92,"column":29},"end":{"line":92,"column":48}},"40":{"start":{"line":93,"column":23},"end":{"line":93,"column":45}},"41":{"start":{"line":96,"column":12},"end":{"line":118,"column":13}},"42":{"start":{"line":97,"column":35},"end":{"line":97,"column":58}},"43":{"start":{"line":100,"column":34},"end":{"line":100,"column":81}},"44":{"start":{"line":103,"column":16},"end":{"line":110,"column":17}},"45":{"start":{"line":104,"column":20},"end":{"line":109,"column":21}},"46":{"start":{"line":105,"column":24},"end":{"line":105,"column":55}},"47":{"start":{"line":106,"column":24},"end":{"line":106,"column":92}},"48":{"start":{"line":108,"column":24},"end":{"line":108,"column":120}},"49":{"start":{"line":113,"column":37},"end":{"line":113,"column":90}},"50":{"start":{"line":114,"column":16},"end":{"line":114,"column":130}},"51":{"start":{"line":117,"column":16},"end":{"line":117,"column":91}},"52":{"start":{"line":120,"column":12},"end":{"line":120,"column":91}},"53":{"start":{"line":125,"column":8},"end":{"line":125,"column":55}},"54":{"start":{"line":126,"column":8},"end":{"line":126,"column":78}},"55":{"start":{"line":129,"column":8},"end":{"line":129,"column":65}},"56":{"start":{"line":130,"column":8},"end":{"line":130,"column":74}},"57":{"start":{"line":135,"column":35},"end":{"line":135,"column":43}},"58":{"start":{"line":136,"column":4},"end":{"line":171,"column":5}},"59":{"start":{"line":137,"column":8},"end":{"line":139,"column":9}},"60":{"start":{"line":138,"column":12},"end":{"line":138,"column":72}},"61":{"start":{"line":141,"column":35},"end":{"line":141,"column":50}},"62":{"start":{"line":142,"column":8},"end":{"line":144,"column":9}},"63":{"start":{"line":143,"column":12},"end":{"line":143,"column":72}},"64":{"start":{"line":146,"column":21},"end":{"line":146,"column":82}},"65":{"start":{"line":147,"column":8},"end":{"line":149,"column":9}},"66":{"start":{"line":148,"column":12},"end":{"line":148,"column":76}},"67":{"start":{"line":151,"column":30},"end":{"line":151,"column":79}},"68":{"start":{"line":152,"column":8},"end":{"line":154,"column":9}},"69":{"start":{"line":153,"column":12},"end":{"line":153,"column":76}},"70":{"start":{"line":156,"column":22},"end":{"line":164,"column":9}},"71":{"start":{"line":166,"column":8},"end":{"line":166,"column":47}},"72":{"start":{"line":169,"column":8},"end":{"line":169,"column":49}},"73":{"start":{"line":170,"column":8},"end":{"line":170,"column":74}},"74":{"start":{"line":174,"column":0},"end":{"line":179,"column":2}}},"fnMap":{"0":{"name":"getNextSequence","decl":{"start":{"line":6,"column":15},"end":{"line":6,"column":30}},"loc":{"start":{"line":6,"column":45},"end":{"line":13,"column":1}},"line":6},"1":{"name":"getAllUsers","decl":{"start":{"line":15,"column":15},"end":{"line":15,"column":26}},"loc":{"start":{"line":15,"column":37},"end":{"line":23,"column":1}},"line":15},"2":{"name":"createUser","decl":{"start":{"line":25,"column":15},"end":{"line":25,"column":25}},"loc":{"start":{"line":25,"column":36},"end":{"line":77,"column":1}},"line":25},"3":{"name":"deleteUser","decl":{"start":{"line":79,"column":15},"end":{"line":79,"column":25}},"loc":{"start":{"line":79,"column":36},"end":{"line":132,"column":1}},"line":79},"4":{"name":"login","decl":{"start":{"line":134,"column":15},"end":{"line":134,"column":20}},"loc":{"start":{"line":134,"column":31},"end":{"line":172,"column":1}},"line":134}},"branchMap":{"0":{"loc":{"start":{"line":30,"column":8},"end":{"line":32,"column":9}},"type":"if","locations":[{"start":{"line":30,"column":8},"end":{"line":32,"column":9}},{"start":{},"end":{}}],"line":30},"1":{"loc":{"start":{"line":30,"column":12},"end":{"line":30,"column":66}},"type":"binary-expr","locations":[{"start":{"line":30,"column":12},"end":{"line":30,"column":40}},{"start":{"line":30,"column":44},"end":{"line":30,"column":66}}],"line":30},"2":{"loc":{"start":{"line":36,"column":8},"end":{"line":38,"column":9}},"type":"if","locations":[{"start":{"line":36,"column":8},"end":{"line":38,"column":9}},{"start":{},"end":{}}],"line":36},"3":{"loc":{"start":{"line":42,"column":8},"end":{"line":44,"column":9}},"type":"if","locations":[{"start":{"line":42,"column":8},"end":{"line":44,"column":9}},{"start":{},"end":{}}],"line":42},"4":{"loc":{"start":{"line":42,"column":12},"end":{"line":42,"column":46}},"type":"binary-expr","locations":[{"start":{"line":42,"column":12},"end":{"line":42,"column":16}},{"start":{"line":42,"column":20},"end":{"line":42,"column":46}}],"line":42},"5":{"loc":{"start":{"line":48,"column":8},"end":{"line":50,"column":9}},"type":"if","locations":[{"start":{"line":48,"column":8},"end":{"line":50,"column":9}},{"start":{},"end":{}}],"line":48},"6":{"loc":{"start":{"line":63,"column":18},"end":{"line":63,"column":32}},"type":"binary-expr","locations":[{"start":{"line":63,"column":18},"end":{"line":63,"column":22}},{"start":{"line":63,"column":26},"end":{"line":63,"column":32}}],"line":63},"7":{"loc":{"start":{"line":86,"column":8},"end":{"line":88,"column":9}},"type":"if","locations":[{"start":{"line":86,"column":8},"end":{"line":88,"column":9}},{"start":{},"end":{}}],"line":86},"8":{"loc":{"start":{"line":137,"column":8},"end":{"line":139,"column":9}},"type":"if","locations":[{"start":{"line":137,"column":8},"end":{"line":139,"column":9}},{"start":{},"end":{}}],"line":137},"9":{"loc":{"start":{"line":137,"column":12},"end":{"line":137,"column":72}},"type":"binary-expr","locations":[{"start":{"line":137,"column":12},"end":{"line":137,"column":40}},{"start":{"line":137,"column":44},"end":{"line":137,"column":72}}],"line":137},"10":{"loc":{"start":{"line":142,"column":8},"end":{"line":144,"column":9}},"type":"if","locations":[{"start":{"line":142,"column":8},"end":{"line":144,"column":9}},{"start":{},"end":{}}],"line":142},"11":{"loc":{"start":{"line":147,"column":8},"end":{"line":149,"column":9}},"type":"if","locations":[{"start":{"line":147,"column":8},"end":{"line":149,"column":9}},{"start":{},"end":{}}],"line":147},"12":{"loc":{"start":{"line":152,"column":8},"end":{"line":154,"column":9}},"type":"if","locations":[{"start":{"line":152,"column":8},"end":{"line":154,"column":9}},{"start":{},"end":{}}],"line":152}},"s":{"0":3,"1":3,"2":3,"3":3,"4":13,"5":13,"6":3,"7":3,"8":2,"9":1,"10":1,"11":23,"12":23,"13":23,"14":1,"15":22,"16":22,"17":4,"18":18,"19":18,"20":1,"21":17,"22":16,"23":3,"24":13,"25":13,"26":13,"27":13,"28":13,"29":13,"30":13,"31":1,"32":1,"33":9,"34":9,"35":9,"36":8,"37":2,"38":6,"39":6,"40":6,"41":6,"42":6,"43":3,"44":2,"45":4,"46":4,"47":2,"48":2,"49":2,"50":2,"51":4,"52":0,"53":6,"54":6,"55":1,"56":1,"57":16,"58":16,"59":16,"60":2,"61":14,"62":14,"63":1,"64":13,"65":11,"66":3,"67":8,"68":8,"69":3,"70":5,"71":5,"72":2,"73":2,"74":3},"f":{"0":13,"1":3,"2":23,"3":9,"4":16},"b":{"0":[1,22],"1":[23,23],"2":[4,18],"3":[1,17],"4":[18,17],"5":[3,13],"6":[13,1],"7":[2,6],"8":[2,14],"9":[16,14],"10":[1,13],"11":[3,8],"12":[3,5]},"_coverageSchema":"1a1c01bbd47fc00a2c39e90264f33305004495a9","hash":"f9a60f77c0831439c5d6b9ee8cd9e293ca74017f"}
,"C:\\DevOps\\Asg\\DevOps_Oct2025_Team3_Assignment\\backendserver\\users\\middlewares\\rateLimiter.js": {"path":"C:\\DevOps\\Asg\\DevOps_Oct2025_Team3_Assignment\\backendserver\\users\\middlewares\\rateLimiter.js","statementMap":{"0":{"start":{"line":1,"column":18},"end":{"line":1,"column":47}},"1":{"start":{"line":4,"column":21},"end":{"line":14,"column":2}},"2":{"start":{"line":17,"column":26},"end":{"line":27,"column":2}},"3":{"start":{"line":30,"column":26},"end":{"line":40,"column":2}},"4":{"start":{"line":43,"column":19},"end":{"line":53,"column":2}},"5":{"start":{"line":55,"column":0},"end":{"line":60,"column":2}}},"fnMap":{},"branchMap":{},"s":{"0":1,"1":1,"2":1,"3":1,"4":1,"5":1},"f":{},"b":{},"_coverageSchema":"1a1c01bbd47fc00a2c39e90264f33305004495a9","hash":"73eede2538f464d73b7f4c1109d17cf962d339f4"}
,"C:\\DevOps\\Asg\\DevOps_Oct2025_Team3_Assignment\\backendserver\\users\\middlewares\\userValidation.js": {"path":"C:\\DevOps\\Asg\\DevOps_Oct2025_Team3_Assignment\\backendserver\\users\\middlewares\\userValidation.js","statementMap":{"0":{"start":{"line":1,"column":12},"end":{"line":1,"column":26}},"1":{"start":{"line":2,"column":12},"end":{"line":2,"column":35}},"2":{"start":{"line":4,"column":19},"end":{"line":24,"column":2}},"3":{"start":{"line":27,"column":20},"end":{"line":27,"column":72}},"4":{"start":{"line":29,"column":2},"end":{"line":34,"column":3}},"5":{"start":{"line":30,"column":25},"end":{"line":32,"column":17}},"6":{"start":{"line":31,"column":23},"end":{"line":31,"column":37}},"7":{"start":{"line":33,"column":4},"end":{"line":33,"column":57}},"8":{"start":{"line":36,"column":2},"end":{"line":36,"column":9}},"9":{"start":{"line":40,"column":13},"end":{"line":40,"column":36}},"10":{"start":{"line":42,"column":2},"end":{"line":46,"column":3}},"11":{"start":{"line":43,"column":4},"end":{"line":45,"column":72}},"12":{"start":{"line":48,"column":2},"end":{"line":48,"column":9}},"13":{"start":{"line":52,"column":18},"end":{"line":52,"column":86}},"14":{"start":{"line":54,"column":4},"end":{"line":56,"column":5}},"15":{"start":{"line":55,"column":8},"end":{"line":55,"column":65}},"16":{"start":{"line":58,"column":4},"end":{"line":91,"column":7}},"17":{"start":{"line":59,"column":8},"end":{"line":61,"column":9}},"18":{"start":{"line":60,"column":12},"end":{"line":60,"column":66}},"19":{"start":{"line":63,"column":32},"end":{"line":72,"column":9}},"20":{"start":{"line":74,"column":34},"end":{"line":74,"column":60}},"21":{"start":{"line":75,"column":25},"end":{"line":75,"column":37}},"22":{"start":{"line":77,"column":31},"end":{"line":83,"column":9}},"23":{"start":{"line":80,"column":30},"end":{"line":80,"column":57}},"24":{"start":{"line":81,"column":16},"end":{"line":81,"column":81}},"25":{"start":{"line":85,"column":8},"end":{"line":87,"column":9}},"26":{"start":{"line":86,"column":12},"end":{"line":86,"column":66}},"27":{"start":{"line":89,"column":8},"end":{"line":89,"column":27}},"28":{"start":{"line":90,"column":8},"end":{"line":90,"column":15}},"29":{"start":{"line":94,"column":0},"end":{"line":98,"column":2}}},"fnMap":{"0":{"name":"validateUser","decl":{"start":{"line":26,"column":9},"end":{"line":26,"column":21}},"loc":{"start":{"line":26,"column":38},"end":{"line":37,"column":1}},"line":26},"1":{"name":"(anonymous_1)","decl":{"start":{"line":31,"column":11},"end":{"line":31,"column":12}},"loc":{"start":{"line":31,"column":23},"end":{"line":31,"column":37}},"line":31},"2":{"name":"validateId","decl":{"start":{"line":39,"column":9},"end":{"line":39,"column":19}},"loc":{"start":{"line":39,"column":36},"end":{"line":49,"column":1}},"line":39},"3":{"name":"verifyJWT","decl":{"start":{"line":51,"column":9},"end":{"line":51,"column":18}},"loc":{"start":{"line":51,"column":35},"end":{"line":92,"column":1}},"line":51},"4":{"name":"(anonymous_4)","decl":{"start":{"line":58,"column":46},"end":{"line":58,"column":47}},"loc":{"start":{"line":58,"column":64},"end":{"line":91,"column":5}},"line":58},"5":{"name":"(anonymous_5)","decl":{"start":{"line":78,"column":12},"end":{"line":78,"column":13}},"loc":{"start":{"line":78,"column":35},"end":{"line":82,"column":13}},"line":78}},"branchMap":{"0":{"loc":{"start":{"line":29,"column":2},"end":{"line":34,"column":3}},"type":"if","locations":[{"start":{"line":29,"column":2},"end":{"line":34,"column":3}},{"start":{},"end":{}}],"line":29},"1":{"loc":{"start":{"line":42,"column":2},"end":{"line":46,"column":3}},"type":"if","locations":[{"start":{"line":42,"column":2},"end":{"line":46,"column":3}},{"start":{},"end":{}}],"line":42},"2":{"loc":{"start":{"line":42,"column":6},"end":{"line":42,"column":26}},"type":"binary-expr","locations":[{"start":{"line":42,"column":6},"end":{"line":42,"column":15}},{"start":{"line":42,"column":19},"end":{"line":42,"column":26}}],"line":42},"3":{"loc":{"start":{"line":52,"column":18},"end":{"line":52,"column":86}},"type":"binary-expr","locations":[{"start":{"line":52,"column":18},"end":{"line":52,"column":43}},{"start":{"line":52,"column":47},"end":{"line":52,"column":86}}],"line":52},"4":{"loc":{"start":{"line":54,"column":4},"end":{"line":56,"column":5}},"type":"if","locations":[{"start":{"line":54,"column":4},"end":{"line":56,"column":5}},{"start":{},"end":{}}],"line":54},"5":{"loc":{"start":{"line":59,"column":8},"end":{"line":61,"column":9}},"type":"if","locations":[{"start":{"line":59,"column":8},"end":{"line":61,"column":9}},{"start":{},"end":{}}],"line":59},"6":{"loc":{"start":{"line":81,"column":23},"end":{"line":81,"column":80}},"type":"binary-expr","locations":[{"start":{"line":81,"column":23},"end":{"line":81,"column":52}},{"start":{"line":81,"column":56},"end":{"line":81,"column":80}}],"line":81},"7":{"loc":{"start":{"line":85,"column":8},"end":{"line":87,"column":9}},"type":"if","locations":[{"start":{"line":85,"column":8},"end":{"line":87,"column":9}},{"start":{},"end":{}}],"line":85}},"s":{"0":1,"1":1,"2":1,"3":11,"4":11,"5":8,"6":10,"7":8,"8":3,"9":7,"10":7,"11":4,"12":3,"13":12,"14":12,"15":2,"16":10,"17":10,"18":2,"19":8,"20":8,"21":8,"22":8,"23":30,"24":30,"25":8,"26":3,"27":5,"28":5,"29":1},"f":{"0":11,"1":10,"2":7,"3":12,"4":10,"5":30},"b":{"0":[8,3],"1":[4,3],"2":[7,5],"3":[12,11],"4":[2,10],"5":[2,8],"6":[30,7],"7":[3,5]},"_coverageSchema":"1a1c01bbd47fc00a2c39e90264f33305004495a9","hash":"3179803e60c1cb2b7c9b7cdd7d25265dae057ca3"}
,"C:\\DevOps\\Asg\\DevOps_Oct2025_Team3_Assignment\\backendserver\\users\\models\\counterModel.js": {"path":"C:\\DevOps\\Asg\\DevOps_Oct2025_Team3_Assignment\\backendserver\\users\\models\\counterModel.js","statementMap":{"0":{"start":{"line":1,"column":17},"end":{"line":1,"column":36}},"1":{"start":{"line":3,"column":22},"end":{"line":6,"column":2}},"2":{"start":{"line":8,"column":0},"end":{"line":8,"column":58}}},"fnMap":{},"branchMap":{},"s":{"0":2,"1":2,"2":2},"f":{},"b":{},"_coverageSchema":"1a1c01bbd47fc00a2c39e90264f33305004495a9","hash":"dc83a5ad44356233b9c6b96106845f6a2c0d902a"}
,"C:\\DevOps\\Asg\\DevOps_Oct2025_Team3_Assignment\\backendserver\\users\\models\\userModel.js": {"path":"C:\\DevOps\\Asg\\DevOps_Oct2025_Team3_Assignment\\backendserver\\users\\models\\userModel.js","statementMap":{"0":{"start":{"line":1,"column":17},"end":{"line":1,"column":36}},"1":{"start":{"line":3,"column":19},"end":{"line":29,"column":2}},"2":{"start":{"line":31,"column":0},"end":{"line":31,"column":53}}},"fnMap":{},"branchMap":{},"s":{"0":3,"1":3,"2":3},"f":{},"b":{},"_coverageSchema":"1a1c01bbd47fc00a2c39e90264f33305004495a9","hash":"6e92195819167e801dd8e3f281d5c09c5c92523f"}
}
