TN:
SF:controllers\userController.js
FN:6,getNextSequence
FN:15,getAllUsers
FN:25,createUser
FN:79,deleteUser
FN:134,login
FNF:5
FNH:5
FNDA:13,getNextSequence
FNDA:3,getAllUsers
FNDA:23,createUser
FNDA:9,deleteUser
FNDA:16,login
DA:1,3
DA:2,3
DA:3,3
DA:4,3
DA:7,13
DA:12,13
DA:16,3
DA:17,3
DA:18,2
DA:20,1
DA:21,1
DA:26,23
DA:28,23
DA:30,23
DA:31,1
DA:35,22
DA:36,22
DA:37,4
DA:41,18
DA:42,18
DA:43,1
DA:47,17
DA:48,16
DA:49,3
DA:53,13
DA:56,13
DA:59,13
DA:66,13
DA:69,13
DA:70,13
DA:72,13
DA:74,1
DA:75,1
DA:80,9
DA:82,9
DA:84,9
DA:86,8
DA:87,2
DA:91,6
DA:92,6
DA:93,6
DA:96,6
DA:97,6
DA:100,3
DA:103,2
DA:104,4
DA:105,4
DA:106,2
DA:108,2
DA:113,2
DA:114,2
DA:117,4
DA:120,0
DA:125,6
DA:126,6
DA:129,1
DA:130,1
DA:135,16
DA:136,16
DA:137,16
DA:138,2
DA:141,14
DA:142,14
DA:143,1
DA:146,13
DA:147,11
DA:148,3
DA:151,8
DA:152,8
DA:153,3
DA:156,5
DA:166,5
DA:169,2
DA:170,2
DA:174,3
LF:75
LH:74
BRDA:30,0,0,1
BRDA:30,0,1,22
BRDA:30,1,0,23
BRDA:30,1,1,23
BRDA:36,2,0,4
BRDA:36,2,1,18
BRDA:42,3,0,1
BRDA:42,3,1,17
BRDA:42,4,0,18
BRDA:42,4,1,17
BRDA:48,5,0,3
BRDA:48,5,1,13
BRDA:63,6,0,13
BRDA:63,6,1,1
BRDA:86,7,0,2
BRDA:86,7,1,6
BRDA:137,8,0,2
BRDA:137,8,1,14
BRDA:137,9,0,16
BRDA:137,9,1,14
BRDA:142,10,0,1
BRDA:142,10,1,13
BRDA:147,11,0,3
BRDA:147,11,1,8
BRDA:152,12,0,3
BRDA:152,12,1,5
BRF:26
BRH:26
end_of_record
TN:
SF:middlewares\rateLimiter.js
FNF:0
FNH:0
DA:1,1
DA:4,1
DA:17,1
DA:30,1
DA:43,1
DA:55,1
LF:6
LH:6
BRF:0
BRH:0
end_of_record
TN:
SF:middlewares\userValidation.js
FN:26,validateUser
FN:31,(anonymous_1)
FN:39,validateId
FN:51,verifyJWT
FN:58,(anonymous_4)
FN:78,(anonymous_5)
FNF:6
FNH:6
FNDA:11,validateUser
FNDA:10,(anonymous_1)
FNDA:7,validateId
FNDA:12,verifyJWT
FNDA:10,(anonymous_4)
FNDA:30,(anonymous_5)
DA:1,1
DA:2,1
DA:4,1
DA:27,11
DA:29,11
DA:30,8
DA:31,10
DA:33,8
DA:36,3
DA:40,7
DA:42,7
DA:43,4
DA:48,3
DA:52,12
DA:54,12
DA:55,2
DA:58,10
DA:59,10
DA:60,2
DA:63,8
DA:74,8
DA:75,8
DA:77,8
DA:80,30
DA:81,30
DA:85,8
DA:86,3
DA:89,5
DA:90,5
DA:94,1
LF:30
LH:30
BRDA:29,0,0,8
BRDA:29,0,1,3
BRDA:42,1,0,4
BRDA:42,1,1,3
BRDA:42,2,0,7
BRDA:42,2,1,5
BRDA:52,3,0,12
BRDA:52,3,1,11
BRDA:54,4,0,2
BRDA:54,4,1,10
BRDA:59,5,0,2
BRDA:59,5,1,8
BRDA:81,6,0,30
BRDA:81,6,1,7
BRDA:85,7,0,3
BRDA:85,7,1,5
BRF:16
BRH:16
end_of_record
TN:
SF:models\counterModel.js
FNF:0
FNH:0
DA:1,2
DA:3,2
DA:8,2
LF:3
LH:3
BRF:0
BRH:0
end_of_record
TN:
SF:models\userModel.js
FNF:0
FNH:0
DA:1,3
DA:3,3
DA:31,3
LF:3
LH:3
BRF:0
BRH:0
end_of_record
