TN:
SF:controllers\userController.js
FN:6,getNextSequence
FN:15,getAllUsers
FN:25,createUser
FN:79,deleteUser
FN:96,login
FNF:5
FNH:5
FNDA:12,getNextSequence
FNDA:3,getAllUsers
FNDA:22,createUser
FNDA:5,deleteUser
FNDA:16,login
DA:1,3
DA:2,3
DA:3,3
DA:4,3
DA:7,12
DA:12,12
DA:16,3
DA:17,3
DA:18,2
DA:20,1
DA:21,1
DA:26,22
DA:28,22
DA:30,22
DA:31,1
DA:35,21
DA:36,21
DA:37,4
DA:41,17
DA:42,17
DA:43,1
DA:47,16
DA:48,15
DA:49,3
DA:53,12
DA:56,12
DA:59,12
DA:66,12
DA:69,12
DA:70,12
DA:72,12
DA:74,1
DA:75,1
DA:80,5
DA:82,5
DA:83,5
DA:85,4
DA:86,2
DA:88,2
DA:91,1
DA:92,1
DA:97,16
DA:98,16
DA:99,16
DA:100,2
DA:103,14
DA:104,14
DA:105,1
DA:108,13
DA:109,11
DA:110,3
DA:113,8
DA:114,8
DA:115,3
DA:118,5
DA:128,5
DA:131,2
DA:132,2
DA:136,3
LF:59
LH:59
BRDA:30,0,0,1
BRDA:30,0,1,21
BRDA:30,1,0,22
BRDA:30,1,1,22
BRDA:36,2,0,4
BRDA:36,2,1,17
BRDA:42,3,0,1
BRDA:42,3,1,16
BRDA:42,4,0,17
BRDA:42,4,1,16
BRDA:48,5,0,3
BRDA:48,5,1,12
BRDA:63,6,0,12
BRDA:63,6,1,1
BRDA:85,7,0,2
BRDA:85,7,1,2
BRDA:99,8,0,2
BRDA:99,8,1,14
BRDA:99,9,0,16
BRDA:99,9,1,14
BRDA:104,10,0,1
BRDA:104,10,1,13
BRDA:109,11,0,3
BRDA:109,11,1,8
BRDA:114,12,0,3
BRDA:114,12,1,5
BRF:26
BRH:26
end_of_record
TN:
SF:middlewares\rateLimiter.js
FNF:0
FNH:0
DA:1,1
DA:4,1
DA:17,1
DA:30,1
DA:43,1
DA:55,1
LF:6
LH:6
BRF:0
BRH:0
end_of_record
TN:
SF:middlewares\userValidation.js
FN:26,validateUser
FN:31,(anonymous_1)
FN:39,validateId
FN:51,verifyJWT
FN:58,(anonymous_4)
FN:78,(anonymous_5)
FNF:6
FNH:6
FNDA:11,validateUser
FNDA:10,(anonymous_1)
FNDA:7,validateId
FNDA:12,verifyJWT
FNDA:10,(anonymous_4)
FNDA:30,(anonymous_5)
DA:1,1
DA:2,1
DA:4,1
DA:27,11
DA:29,11
DA:30,8
DA:31,10
DA:33,8
DA:36,3
DA:40,7
DA:42,7
DA:43,4
DA:48,3
DA:52,12
DA:54,12
DA:55,2
DA:58,10
DA:59,10
DA:60,2
DA:63,8
DA:74,8
DA:75,8
DA:77,8
DA:80,30
DA:81,30
DA:85,8
DA:86,3
DA:89,5
DA:90,5
DA:94,1
LF:30
LH:30
BRDA:29,0,0,8
BRDA:29,0,1,3
BRDA:42,1,0,4
BRDA:42,1,1,3
BRDA:42,2,0,7
BRDA:42,2,1,5
BRDA:52,3,0,12
BRDA:52,3,1,11
BRDA:54,4,0,2
BRDA:54,4,1,10
BRDA:59,5,0,2
BRDA:59,5,1,8
BRDA:81,6,0,30
BRDA:81,6,1,7
BRDA:85,7,0,3
BRDA:85,7,1,5
BRF:16
BRH:16
end_of_record
TN:
SF:models\counterModel.js
FNF:0
FNH:0
DA:1,3
DA:3,3
DA:8,3
LF:3
LH:3
BRF:0
BRH:0
end_of_record
TN:
SF:models\userModel.js
FNF:0
FNH:0
DA:1,4
DA:3,4
DA:46,4
LF:3
LH:3
BRF:0
BRH:0
end_of_record
