{"C:\\Users\\Jan\\Desktop\\-\\Schoolovo\\DevOps\\DevOps_Oct2025_Team3_Assignment\\backendserver\\files\\controller\\fileController.js": {"path":"C:\\Users\\Jan\\Desktop\\-\\Schoolovo\\DevOps\\DevOps_Oct2025_Team3_Assignment\\backendserver\\files\\controller\\fileController.js","statementMap":{"0":{"start":{"line":1,"column":13},"end":{"line":1,"column":42}},"1":{"start":{"line":5,"column":4},"end":{"line":15,"column":5}},"2":{"start":{"line":6,"column":23},"end":{"line":6,"column":38}},"3":{"start":{"line":8,"column":22},"end":{"line":9,"column":37}},"4":{"start":{"line":11,"column":8},"end":{"line":11,"column":43}},"5":{"start":{"line":13,"column":8},"end":{"line":13,"column":65}},"6":{"start":{"line":14,"column":8},"end":{"line":14,"column":74}},"7":{"start":{"line":20,"column":4},"end":{"line":52,"column":5}},"8":{"start":{"line":21,"column":8},"end":{"line":24,"column":9}},"9":{"start":{"line":22,"column":12},"end":{"line":22,"column":61}},"10":{"start":{"line":23,"column":12},"end":{"line":23,"column":73}},"11":{"start":{"line":26,"column":8},"end":{"line":26,"column":103}},"12":{"start":{"line":28,"column":24},"end":{"line":35,"column":10}},"13":{"start":{"line":37,"column":26},"end":{"line":37,"column":46}},"14":{"start":{"line":38,"column":8},"end":{"line":38,"column":86}},"15":{"start":{"line":40,"column":8},"end":{"line":47,"column":11}},"16":{"start":{"line":50,"column":8},"end":{"line":50,"column":52}},"17":{"start":{"line":51,"column":8},"end":{"line":51,"column":96}},"18":{"start":{"line":57,"column":4},"end":{"line":74,"column":5}},"19":{"start":{"line":58,"column":21},"end":{"line":58,"column":55}},"20":{"start":{"line":60,"column":8},"end":{"line":62,"column":9}},"21":{"start":{"line":61,"column":12},"end":{"line":61,"column":71}},"22":{"start":{"line":64,"column":8},"end":{"line":66,"column":9}},"23":{"start":{"line":65,"column":12},"end":{"line":65,"column":70}},"24":{"start":{"line":68,"column":8},"end":{"line":68,"column":52}},"25":{"start":{"line":69,"column":8},"end":{"line":69,"column":78}},"26":{"start":{"line":72,"column":8},"end":{"line":72,"column":64}},"27":{"start":{"line":73,"column":8},"end":{"line":73,"column":74}},"28":{"start":{"line":78,"column":4},"end":{"line":95,"column":5}},"29":{"start":{"line":79,"column":21},"end":{"line":79,"column":55}},"30":{"start":{"line":81,"column":8},"end":{"line":83,"column":9}},"31":{"start":{"line":82,"column":12},"end":{"line":82,"column":71}},"32":{"start":{"line":85,"column":8},"end":{"line":87,"column":9}},"33":{"start":{"line":86,"column":12},"end":{"line":86,"column":70}},"34":{"start":{"line":90,"column":8},"end":{"line":90,"column":51}},"35":{"start":{"line":93,"column":8},"end":{"line":93,"column":66}},"36":{"start":{"line":94,"column":8},"end":{"line":94,"column":74}},"37":{"start":{"line":98,"column":0},"end":{"line":103,"column":2}}},"fnMap":{"0":{"name":"getAllFiles","decl":{"start":{"line":4,"column":15},"end":{"line":4,"column":26}},"loc":{"start":{"line":4,"column":37},"end":{"line":16,"column":1}},"line":4},"1":{"name":"uploadFile","decl":{"start":{"line":19,"column":15},"end":{"line":19,"column":25}},"loc":{"start":{"line":19,"column":36},"end":{"line":53,"column":1}},"line":19},"2":{"name":"deleteFile","decl":{"start":{"line":56,"column":15},"end":{"line":56,"column":25}},"loc":{"start":{"line":56,"column":36},"end":{"line":75,"column":1}},"line":56},"3":{"name":"downloadFile","decl":{"start":{"line":77,"column":15},"end":{"line":77,"column":27}},"loc":{"start":{"line":77,"column":38},"end":{"line":96,"column":1}},"line":77}},"branchMap":{"0":{"loc":{"start":{"line":21,"column":8},"end":{"line":24,"column":9}},"type":"if","locations":[{"start":{"line":21,"column":8},"end":{"line":24,"column":9}},{"start":{},"end":{}}],"line":21},"1":{"loc":{"start":{"line":60,"column":8},"end":{"line":62,"column":9}},"type":"if","locations":[{"start":{"line":60,"column":8},"end":{"line":62,"column":9}},{"start":{},"end":{}}],"line":60},"2":{"loc":{"start":{"line":64,"column":8},"end":{"line":66,"column":9}},"type":"if","locations":[{"start":{"line":64,"column":8},"end":{"line":66,"column":9}},{"start":{},"end":{}}],"line":64},"3":{"loc":{"start":{"line":64,"column":12},"end":{"line":64,"column":72}},"type":"binary-expr","locations":[{"start":{"line":64,"column":12},"end":{"line":64,"column":43}},{"start":{"line":64,"column":47},"end":{"line":64,"column":72}}],"line":64},"4":{"loc":{"start":{"line":81,"column":8},"end":{"line":83,"column":9}},"type":"if","locations":[{"start":{"line":81,"column":8},"end":{"line":83,"column":9}},{"start":{},"end":{}}],"line":81},"5":{"loc":{"start":{"line":85,"column":8},"end":{"line":87,"column":9}},"type":"if","locations":[{"start":{"line":85,"column":8},"end":{"line":87,"column":9}},{"start":{},"end":{}}],"line":85},"6":{"loc":{"start":{"line":85,"column":12},"end":{"line":85,"column":72}},"type":"binary-expr","locations":[{"start":{"line":85,"column":12},"end":{"line":85,"column":43}},{"start":{"line":85,"column":47},"end":{"line":85,"column":72}}],"line":85}},"s":{"0":2,"1":3,"2":3,"3":3,"4":1,"5":2,"6":2,"7":4,"8":4,"9":1,"10":1,"11":3,"12":3,"13":3,"14":2,"15":2,"16":1,"17":1,"18":7,"19":7,"20":6,"21":1,"22":5,"23":2,"24":3,"25":3,"26":1,"27":1,"28":6,"29":6,"30":5,"31":1,"32":4,"33":2,"34":2,"35":1,"36":1,"37":2},"f":{"0":3,"1":4,"2":7,"3":6},"b":{"0":[1,3],"1":[1,5],"2":[2,3],"3":[5,4],"4":[1,4],"5":[2,2],"6":[4,3]},"_coverageSchema":"1a1c01bbd47fc00a2c39e90264f33305004495a9","hash":"2f2a592eb99728baf68ff14e4df9163cf1b16cf7"}
,"C:\\Users\\Jan\\Desktop\\-\\Schoolovo\\DevOps\\DevOps_Oct2025_Team3_Assignment\\backendserver\\files\\model\\fileModel.js": {"path":"C:\\Users\\Jan\\Desktop\\-\\Schoolovo\\DevOps\\DevOps_Oct2025_Team3_Assignment\\backendserver\\files\\model\\fileModel.js","statementMap":{"0":{"start":{"line":1,"column":17},"end":{"line":1,"column":36}},"1":{"start":{"line":3,"column":19},"end":{"line":32,"column":2}},"2":{"start":{"line":34,"column":0},"end":{"line":34,"column":53}}},"fnMap":{},"branchMap":{},"s":{"0":3,"1":3,"2":3},"f":{},"b":{},"_coverageSchema":"1a1c01bbd47fc00a2c39e90264f33305004495a9","hash":"2925b18528230f958c1fd375504a41be50107237"}
}
