TN:
SF:controller\fileController.js
FN:4,getAllFiles
FN:19,uploadFile
FN:56,deleteFile
FN:77,downloadFile
FNF:4
FNH:4
FNDA:3,getAllFiles
FNDA:4,uploadFile
FNDA:7,deleteFile
FNDA:6,downloadFile
DA:1,2
DA:5,3
DA:6,3
DA:8,3
DA:11,1
DA:13,2
DA:14,2
DA:20,4
DA:21,4
DA:22,1
DA:23,1
DA:26,3
DA:28,3
DA:37,3
DA:38,2
DA:40,2
DA:50,1
DA:51,1
DA:57,7
DA:58,7
DA:60,6
DA:61,1
DA:64,5
DA:65,2
DA:68,3
DA:69,3
DA:72,1
DA:73,1
DA:78,6
DA:79,6
DA:81,5
DA:82,1
DA:85,4
DA:86,2
DA:90,2
DA:93,1
DA:94,1
DA:98,2
LF:38
LH:38
BRDA:21,0,0,1
BRDA:21,0,1,3
BRDA:60,1,0,1
BRDA:60,1,1,5
BRDA:64,2,0,2
BRDA:64,2,1,3
BRDA:64,3,0,5
BRDA:64,3,1,4
BRDA:81,4,0,1
BRDA:81,4,1,4
BRDA:85,5,0,2
BRDA:85,5,1,2
BRDA:85,6,0,4
BRDA:85,6,1,3
BRF:14
BRH:14
end_of_record
TN:
SF:model\fileModel.js
FNF:0
FNH:0
DA:1,3
DA:3,3
DA:34,3
LF:3
LH:3
BRF:0
BRH:0
end_of_record
