{"C:\\Y2S2\\DEVOPS\\Assignment\\DevOps_Oct2025_Team3_Assignment\\backendserver\\users\\controllers\\userController.js": {"path":"C:\\Y2S2\\DEVOPS\\Assignment\\DevOps_Oct2025_Team3_Assignment\\backendserver\\users\\controllers\\userController.js","statementMap":{"0":{"start":{"line":1,"column":13},"end":{"line":1,"column":46}},"1":{"start":{"line":2,"column":16},"end":{"line":2,"column":52}},"2":{"start":{"line":3,"column":12},"end":{"line":3,"column":35}},"3":{"start":{"line":4,"column":15},"end":{"line":4,"column":32}},"4":{"start":{"line":7,"column":20},"end":{"line":11,"column":5}},"5":{"start":{"line":12,"column":4},"end":{"line":12,"column":34}},"6":{"start":{"line":16,"column":4},"end":{"line":22,"column":5}},"7":{"start":{"line":17,"column":22},"end":{"line":17,"column":58}},"8":{"start":{"line":18,"column":8},"end":{"line":18,"column":43}},"9":{"start":{"line":20,"column":8},"end":{"line":20,"column":66}},"10":{"start":{"line":21,"column":8},"end":{"line":21,"column":74}},"11":{"start":{"line":26,"column":4},"end":{"line":60,"column":5}},"12":{"start":{"line":27,"column":45},"end":{"line":27,"column":53}},"13":{"start":{"line":30,"column":30},"end":{"line":30,"column":78}},"14":{"start":{"line":31,"column":8},"end":{"line":33,"column":9}},"15":{"start":{"line":32,"column":12},"end":{"line":32,"column":171}},"16":{"start":{"line":35,"column":29},"end":{"line":35,"column":61}},"17":{"start":{"line":36,"column":8},"end":{"line":38,"column":9}},"18":{"start":{"line":37,"column":12},"end":{"line":37,"column":80}},"19":{"start":{"line":40,"column":31},"end":{"line":40,"column":62}},"20":{"start":{"line":42,"column":23},"end":{"line":42,"column":54}},"21":{"start":{"line":44,"column":24},"end":{"line":49,"column":10}},"22":{"start":{"line":51,"column":26},"end":{"line":51,"column":46}},"23":{"start":{"line":53,"column":29},"end":{"line":53,"column":49}},"24":{"start":{"line":54,"column":8},"end":{"line":54,"column":41}},"25":{"start":{"line":56,"column":8},"end":{"line":56,"column":50}},"26":{"start":{"line":58,"column":8},"end":{"line":58,"column":65}},"27":{"start":{"line":59,"column":8},"end":{"line":59,"column":74}},"28":{"start":{"line":64,"column":41},"end":{"line":64,"column":49}},"29":{"start":{"line":66,"column":4},"end":{"line":104,"column":5}},"30":{"start":{"line":67,"column":8},"end":{"line":69,"column":9}},"31":{"start":{"line":68,"column":12},"end":{"line":68,"column":73}},"32":{"start":{"line":71,"column":30},"end":{"line":71,"column":78}},"33":{"start":{"line":72,"column":8},"end":{"line":74,"column":9}},"34":{"start":{"line":73,"column":12},"end":{"line":73,"column":171}},"35":{"start":{"line":76,"column":27},"end":{"line":76,"column":44}},"36":{"start":{"line":77,"column":8},"end":{"line":79,"column":9}},"37":{"start":{"line":78,"column":12},"end":{"line":78,"column":74}},"38":{"start":{"line":81,"column":29},"end":{"line":81,"column":61}},"39":{"start":{"line":82,"column":8},"end":{"line":84,"column":9}},"40":{"start":{"line":83,"column":12},"end":{"line":83,"column":80}},"41":{"start":{"line":86,"column":31},"end":{"line":86,"column":62}},"42":{"start":{"line":88,"column":23},"end":{"line":88,"column":54}},"43":{"start":{"line":90,"column":24},"end":{"line":95,"column":10}},"44":{"start":{"line":97,"column":26},"end":{"line":97,"column":46}},"45":{"start":{"line":99,"column":8},"end":{"line":99,"column":107}},"46":{"start":{"line":102,"column":8},"end":{"line":102,"column":56}},"47":{"start":{"line":103,"column":8},"end":{"line":103,"column":74}},"48":{"start":{"line":108,"column":25},"end":{"line":108,"column":38}},"49":{"start":{"line":110,"column":4},"end":{"line":121,"column":5}},"50":{"start":{"line":111,"column":28},"end":{"line":111,"column":81}},"51":{"start":{"line":113,"column":8},"end":{"line":117,"column":9}},"52":{"start":{"line":114,"column":12},"end":{"line":114,"column":82}},"53":{"start":{"line":116,"column":12},"end":{"line":116,"column":71}},"54":{"start":{"line":119,"column":8},"end":{"line":119,"column":65}},"55":{"start":{"line":120,"column":8},"end":{"line":120,"column":74}},"56":{"start":{"line":125,"column":35},"end":{"line":125,"column":43}},"57":{"start":{"line":126,"column":4},"end":{"line":161,"column":5}},"58":{"start":{"line":127,"column":8},"end":{"line":129,"column":9}},"59":{"start":{"line":128,"column":12},"end":{"line":128,"column":72}},"60":{"start":{"line":131,"column":35},"end":{"line":131,"column":50}},"61":{"start":{"line":132,"column":8},"end":{"line":134,"column":9}},"62":{"start":{"line":133,"column":12},"end":{"line":133,"column":72}},"63":{"start":{"line":136,"column":21},"end":{"line":136,"column":82}},"64":{"start":{"line":137,"column":8},"end":{"line":139,"column":9}},"65":{"start":{"line":138,"column":12},"end":{"line":138,"column":76}},"66":{"start":{"line":141,"column":30},"end":{"line":141,"column":79}},"67":{"start":{"line":142,"column":8},"end":{"line":144,"column":9}},"68":{"start":{"line":143,"column":12},"end":{"line":143,"column":76}},"69":{"start":{"line":146,"column":22},"end":{"line":154,"column":9}},"70":{"start":{"line":156,"column":8},"end":{"line":156,"column":47}},"71":{"start":{"line":159,"column":8},"end":{"line":159,"column":49}},"72":{"start":{"line":160,"column":8},"end":{"line":160,"column":74}},"73":{"start":{"line":164,"column":0},"end":{"line":170,"column":2}}},"fnMap":{"0":{"name":"getNextSequence","decl":{"start":{"line":6,"column":15},"end":{"line":6,"column":30}},"loc":{"start":{"line":6,"column":45},"end":{"line":13,"column":1}},"line":6},"1":{"name":"getAllUsers","decl":{"start":{"line":15,"column":15},"end":{"line":15,"column":26}},"loc":{"start":{"line":15,"column":37},"end":{"line":23,"column":1}},"line":15},"2":{"name":"createUser","decl":{"start":{"line":25,"column":15},"end":{"line":25,"column":25}},"loc":{"start":{"line":25,"column":36},"end":{"line":61,"column":1}},"line":25},"3":{"name":"registerUser","decl":{"start":{"line":63,"column":15},"end":{"line":63,"column":27}},"loc":{"start":{"line":63,"column":38},"end":{"line":105,"column":1}},"line":63},"4":{"name":"deleteUser","decl":{"start":{"line":107,"column":15},"end":{"line":107,"column":25}},"loc":{"start":{"line":107,"column":36},"end":{"line":122,"column":1}},"line":107},"5":{"name":"login","decl":{"start":{"line":124,"column":15},"end":{"line":124,"column":20}},"loc":{"start":{"line":124,"column":31},"end":{"line":162,"column":1}},"line":124}},"branchMap":{"0":{"loc":{"start":{"line":31,"column":8},"end":{"line":33,"column":9}},"type":"if","locations":[{"start":{"line":31,"column":8},"end":{"line":33,"column":9}},{"start":{},"end":{}}],"line":31},"1":{"loc":{"start":{"line":36,"column":8},"end":{"line":38,"column":9}},"type":"if","locations":[{"start":{"line":36,"column":8},"end":{"line":38,"column":9}},{"start":{},"end":{}}],"line":36},"2":{"loc":{"start":{"line":67,"column":8},"end":{"line":69,"column":9}},"type":"if","locations":[{"start":{"line":67,"column":8},"end":{"line":69,"column":9}},{"start":{},"end":{}}],"line":67},"3":{"loc":{"start":{"line":67,"column":12},"end":{"line":67,"column":66}},"type":"binary-expr","locations":[{"start":{"line":67,"column":12},"end":{"line":67,"column":40}},{"start":{"line":67,"column":44},"end":{"line":67,"column":66}}],"line":67},"4":{"loc":{"start":{"line":72,"column":8},"end":{"line":74,"column":9}},"type":"if","locations":[{"start":{"line":72,"column":8},"end":{"line":74,"column":9}},{"start":{},"end":{}}],"line":72},"5":{"loc":{"start":{"line":77,"column":8},"end":{"line":79,"column":9}},"type":"if","locations":[{"start":{"line":77,"column":8},"end":{"line":79,"column":9}},{"start":{},"end":{}}],"line":77},"6":{"loc":{"start":{"line":77,"column":12},"end":{"line":77,"column":46}},"type":"binary-expr","locations":[{"start":{"line":77,"column":12},"end":{"line":77,"column":16}},{"start":{"line":77,"column":20},"end":{"line":77,"column":46}}],"line":77},"7":{"loc":{"start":{"line":82,"column":8},"end":{"line":84,"column":9}},"type":"if","locations":[{"start":{"line":82,"column":8},"end":{"line":84,"column":9}},{"start":{},"end":{}}],"line":82},"8":{"loc":{"start":{"line":94,"column":18},"end":{"line":94,"column":32}},"type":"binary-expr","locations":[{"start":{"line":94,"column":18},"end":{"line":94,"column":22}},{"start":{"line":94,"column":26},"end":{"line":94,"column":32}}],"line":94},"9":{"loc":{"start":{"line":113,"column":8},"end":{"line":117,"column":9}},"type":"if","locations":[{"start":{"line":113,"column":8},"end":{"line":117,"column":9}},{"start":{"line":115,"column":15},"end":{"line":117,"column":9}}],"line":113},"10":{"loc":{"start":{"line":127,"column":8},"end":{"line":129,"column":9}},"type":"if","locations":[{"start":{"line":127,"column":8},"end":{"line":129,"column":9}},{"start":{},"end":{}}],"line":127},"11":{"loc":{"start":{"line":127,"column":12},"end":{"line":127,"column":72}},"type":"binary-expr","locations":[{"start":{"line":127,"column":12},"end":{"line":127,"column":40}},{"start":{"line":127,"column":44},"end":{"line":127,"column":72}}],"line":127},"12":{"loc":{"start":{"line":132,"column":8},"end":{"line":134,"column":9}},"type":"if","locations":[{"start":{"line":132,"column":8},"end":{"line":134,"column":9}},{"start":{},"end":{}}],"line":132},"13":{"loc":{"start":{"line":137,"column":8},"end":{"line":139,"column":9}},"type":"if","locations":[{"start":{"line":137,"column":8},"end":{"line":139,"column":9}},{"start":{},"end":{}}],"line":137},"14":{"loc":{"start":{"line":142,"column":8},"end":{"line":144,"column":9}},"type":"if","locations":[{"start":{"line":142,"column":8},"end":{"line":144,"column":9}},{"start":{},"end":{}}],"line":142}},"s":{"0":1,"1":1,"2":1,"3":1,"4":2,"5":2,"6":2,"7":2,"8":1,"9":1,"10":1,"11":4,"12":4,"13":4,"14":4,"15":1,"16":3,"17":2,"18":1,"19":1,"20":1,"21":1,"22":1,"23":1,"24":1,"25":1,"26":1,"27":1,"28":6,"29":6,"30":6,"31":1,"32":5,"33":5,"34":1,"35":4,"36":4,"37":1,"38":3,"39":2,"40":1,"41":1,"42":1,"43":1,"44":1,"45":1,"46":1,"47":1,"48":3,"49":3,"50":3,"51":2,"52":1,"53":1,"54":1,"55":1,"56":6,"57":6,"58":6,"59":1,"60":5,"61":5,"62":1,"63":4,"64":3,"65":1,"66":2,"67":2,"68":1,"69":1,"70":1,"71":1,"72":1,"73":1},"f":{"0":2,"1":2,"2":4,"3":6,"4":3,"5":6},"b":{"0":[1,3],"1":[1,1],"2":[1,5],"3":[6,6],"4":[1,4],"5":[1,3],"6":[4,4],"7":[1,1],"8":[1,0],"9":[1,1],"10":[1,5],"11":[6,5],"12":[1,4],"13":[1,2],"14":[1,1]},"_coverageSchema":"1a1c01bbd47fc00a2c39e90264f33305004495a9","hash":"c8dec34f8a39b3d0602a5b084d4890ed17a5f43f"}
,"C:\\Y2S2\\DEVOPS\\Assignment\\DevOps_Oct2025_Team3_Assignment\\backendserver\\users\\models\\counterModel.js": {"path":"C:\\Y2S2\\DEVOPS\\Assignment\\DevOps_Oct2025_Team3_Assignment\\backendserver\\users\\models\\counterModel.js","statementMap":{"0":{"start":{"line":1,"column":17},"end":{"line":1,"column":36}},"1":{"start":{"line":3,"column":22},"end":{"line":6,"column":2}},"2":{"start":{"line":8,"column":0},"end":{"line":8,"column":58}}},"fnMap":{},"branchMap":{},"s":{"0":1,"1":1,"2":1},"f":{},"b":{},"_coverageSchema":"1a1c01bbd47fc00a2c39e90264f33305004495a9","hash":"a1ea959ee54b12af94befdd8edfa912c0b5f973a"}
,"C:\\Y2S2\\DEVOPS\\Assignment\\DevOps_Oct2025_Team3_Assignment\\backendserver\\users\\models\\userModel.js": {"path":"C:\\Y2S2\\DEVOPS\\Assignment\\DevOps_Oct2025_Team3_Assignment\\backendserver\\users\\models\\userModel.js","statementMap":{"0":{"start":{"line":1,"column":17},"end":{"line":1,"column":36}},"1":{"start":{"line":3,"column":19},"end":{"line":29,"column":2}},"2":{"start":{"line":46,"column":0},"end":{"line":46,"column":53}}},"fnMap":{},"branchMap":{},"s":{"0":2,"1":2,"2":2},"f":{},"b":{},"_coverageSchema":"1a1c01bbd47fc00a2c39e90264f33305004495a9","hash":"0685dcc86d40d32c1a4a7ce385084dd8bac4af3d"}
}
