TN:
SF:backendserver\users\controllers\userController.js
FN:6,getNextSequence
FN:15,getAllUsers
FN:25,createUser
FN:63,registerUser
FN:107,deleteUser
FN:124,login
FNF:6
FNH:6
FNDA:2,getNextSequence
FNDA:2,getAllUsers
FNDA:4,createUser
FNDA:6,registerUser
FNDA:3,deleteUser
FNDA:6,login
DA:1,1
DA:2,1
DA:3,1
DA:4,1
DA:7,2
DA:12,2
DA:16,2
DA:17,2
DA:18,1
DA:20,1
DA:21,1
DA:26,4
DA:27,4
DA:30,4
DA:31,4
DA:32,1
DA:35,3
DA:36,2
DA:37,1
DA:40,1
DA:42,1
DA:44,1
DA:51,1
DA:53,1
DA:54,1
DA:56,1
DA:58,1
DA:59,1
DA:64,6
DA:66,6
DA:67,6
DA:68,1
DA:71,5
DA:72,5
DA:73,1
DA:76,4
DA:77,4
DA:78,1
DA:81,3
DA:82,2
DA:83,1
DA:86,1
DA:88,1
DA:90,1
DA:97,1
DA:99,1
DA:102,1
DA:103,1
DA:108,3
DA:110,3
DA:111,3
DA:113,2
DA:114,1
DA:116,1
DA:119,1
DA:120,1
DA:125,6
DA:126,6
DA:127,6
DA:128,1
DA:131,5
DA:132,5
DA:133,1
DA:136,4
DA:137,3
DA:138,1
DA:141,2
DA:142,2
DA:143,1
DA:146,1
DA:156,1
DA:159,1
DA:160,1
DA:164,1
LF:74
LH:74
BRDA:31,0,0,1
BRDA:31,0,1,3
BRDA:36,1,0,1
BRDA:36,1,1,1
BRDA:67,2,0,1
BRDA:67,2,1,5
BRDA:67,3,0,6
BRDA:67,3,1,6
BRDA:72,4,0,1
BRDA:72,4,1,4
BRDA:77,5,0,1
BRDA:77,5,1,3
BRDA:77,6,0,4
BRDA:77,6,1,4
BRDA:82,7,0,1
BRDA:82,7,1,1
BRDA:94,8,0,1
BRDA:94,8,1,0
BRDA:113,9,0,1
BRDA:113,9,1,1
BRDA:127,10,0,1
BRDA:127,10,1,5
BRDA:127,11,0,6
BRDA:127,11,1,5
BRDA:132,12,0,1
BRDA:132,12,1,4
BRDA:137,13,0,1
BRDA:137,13,1,2
BRDA:142,14,0,1
BRDA:142,14,1,1
BRF:30
BRH:29
end_of_record
TN:
SF:backendserver\users\models\counterModel.js
FNF:0
FNH:0
DA:1,1
DA:3,1
DA:8,1
LF:3
LH:3
BRF:0
BRH:0
end_of_record
TN:
SF:backendserver\users\models\userModel.js
FNF:0
FNH:0
DA:1,2
DA:3,2
DA:46,2
LF:3
LH:3
BRF:0
BRH:0
end_of_record
